<?xml version="1.0" encoding="UTF-8"?>
<!-- Generated by org.testng.reporters.JUnitReportReporter -->
<testsuite hostname="GANESH" failures="0" tests="1" name="com.opencart.testLayer.AddressTest" time="15.722" errors="0" timestamp="2023-09-30T17:50:05 IST" skipped="0">
  <testcase classname="com.opencart.testLayer.AddressTest" name="validateAddingNewAddressbyProvidingOnlyMandatoryfields" time="15.722"/>
</testsuite> <!-- com.opencart.testLayer.AddressTest -->
