<?xml version="1.0" encoding="UTF-8"?>
<!-- Generated by org.testng.reporters.JUnitReportReporter -->
<testsuite hostname="GANESH" failures="0" tests="2" name="com.opencart.testLayer.LoginTest" time="17.290" errors="0" timestamp="2023-09-30T18:06:07 IST" skipped="0">
  <testcase classname="com.opencart.testLayer.LoginTest" name="validateloggingintotheApplicationusinginvalidcredentials" time="8.457"/>
  <testcase classname="com.opencart.testLayer.LoginTest" name="validateloggingintotheApplicationusingvalidcredentials" time="8.833"/>
</testsuite> <!-- com.opencart.testLayer.LoginTest -->
